<?xml version="1.0" encoding="UTF-8"?>
<!-- Generated by org.testng.reporters.JUnitXMLReporter -->
<testsuite ignored="0" hostname="Kishores-MacBook-Air.local" failures="1" tests="1" name="Default test" time="24.192" errors="0" timestamp="2021-11-16T19:14:53 IST">
  <testcase classname="io.cucumber.testng.AbstractTestNGCucumberTests" name="runScenario" time="23.837">
    <failure type="java.lang.Exception" message="Home Page title is not displayed">
      <![CDATA[java.lang.Exception: Home Page title is not displayed
at Base.BaseClass.getPageTitleHomePage(BaseClass.java:109)
at stepDefinations.loginPage.verify_user_cannot_able_to_login(loginPage.java:82)
at ✽.verify user cannot able to login(file:///Users/kishorekumar/eclipse-workspace/ContentPortal/ContentPortalProject/Features/Login.feature:13)
]]>
    </failure>
  </testcase> <!-- runScenario -->
</testsuite> <!-- Default test -->
