<?xml version="1.0" encoding="UTF-8"?>
<testng-results ignored="0" total="1" passed="0" failed="1" skipped="0">
  <reporter-output>
  </reporter-output>
  <suite started-at="2021-11-16T19:14:24 IST" name="Default suite" finished-at="2021-11-16T19:14:48 IST" duration-ms="24192">
    <groups>
      <group name="cucumber">
        <method signature="AbstractTestNGCucumberTests.runScenario(io.cucumber.testng.PickleWrapper,io.cucumber.testng.FeatureWrapper)[pri:0, instance:cucumberOptions.TestRunner@79b06cab]" name="runScenario" class="io.cucumber.testng.AbstractTestNGCucumberTests"/>
      </group> <!-- cucumber -->
    </groups>
    <test started-at="2021-11-16T19:14:24 IST" name="Default test" finished-at="2021-11-16T19:14:48 IST" duration-ms="24192">
      <class name="cucumberOptions.TestRunner">
        <test-method is-config="true" signature="setUpClass()[pri:0, instance:cucumberOptions.TestRunner@79b06cab]" started-at="2021-11-16T19:14:24 IST" name="setUpClass" finished-at="2021-11-16T19:14:24 IST" duration-ms="251" status="PASS">
          <reporter-output>
          </reporter-output>
        </test-method> <!-- setUpClass -->
        <test-method signature="runScenario(io.cucumber.testng.PickleWrapper,io.cucumber.testng.FeatureWrapper)[pri:0, instance:cucumberOptions.TestRunner@79b06cab]" started-at="2021-11-16T19:14:24 IST" name="runScenario" description="Runs Cucumber Scenarios" data-provider="scenarios" finished-at="2021-11-16T19:14:48 IST" duration-ms="23837" status="FAIL">
          <params>
            <param index="0">
              <value>
                <![CDATA["Content portal login page with valid Invali email ID and password"]]>
              </value>
            </param>
            <param index="1">
              <value>
                <![CDATA["Optional[Content portal login page]"]]>
              </value>
            </param>
          </params>
          <exception class="java.lang.Exception">
            <message>
              <![CDATA[Home Page title is not displayed]]>
            </message>
            <full-stacktrace>
              <![CDATA[java.lang.Exception: Home Page title is not displayed
at Base.BaseClass.getPageTitleHomePage(BaseClass.java:109)
at stepDefinations.loginPage.verify_user_cannot_able_to_login(loginPage.java:82)
at ✽.verify user cannot able to login(file:///Users/kishorekumar/eclipse-workspace/ContentPortal/ContentPortalProject/Features/Login.feature:13)
]]>
            </full-stacktrace>
          </exception> <!-- java.lang.Exception -->
          <reporter-output>
          </reporter-output>
        </test-method> <!-- runScenario -->
        <test-method is-config="true" signature="tearDownClass()[pri:0, instance:cucumberOptions.TestRunner@79b06cab]" started-at="2021-11-16T19:14:48 IST" name="tearDownClass" finished-at="2021-11-16T19:14:48 IST" duration-ms="66" status="PASS">
          <reporter-output>
          </reporter-output>
        </test-method> <!-- tearDownClass -->
      </class> <!-- cucumberOptions.TestRunner -->
    </test> <!-- Default test -->
  </suite> <!-- Default suite -->
</testng-results>
