<?xml version="1.0" encoding="UTF-8"?>
<!-- Generated by org.testng.reporters.JUnitReportReporter -->
<testsuite hostname="Kishores-MacBook-Air.local" failures="0" tests="1" name="cucumberOptions.TestRunner" time="23.837" errors="1" timestamp="2021-11-16T19:14:53 IST" skipped="0">
  <testcase classname="cucumberOptions.TestRunner" name="runScenario" time="23.837">
    <error message="Home Page title is not displayed" type="java.lang.Exception">
      <![CDATA[java.lang.Exception: Home Page title is not displayed
at Base.BaseClass.getPageTitleHomePage(BaseClass.java:109)
at stepDefinations.loginPage.verify_user_cannot_able_to_login(loginPage.java:82)
at ✽.verify user cannot able to login(file:///Users/kishorekumar/eclipse-workspace/ContentPortal/ContentPortalProject/Features/Login.feature:13)
]]>
    </error>
  </testcase> <!-- runScenario -->
  <system-out/>
</testsuite> <!-- cucumberOptions.TestRunner -->
